2026-06-11 15:07:49,687 - database.repository - ERROR - Failed to fetch settings: (sqlite3.OperationalError) no such table: settings
[SQL: SELECT settings.id AS settings_id, settings.provider AS settings_provider, settings.model AS settings_model, settings.api_key AS settings_api_key, settings.created_at AS settings_created_at 
FROM settings
 LIMIT ? OFFSET ?]
[parameters: (1, 0)]
(Background on this error at: https://sqlalche.me/e/20/e3q8)
2026-06-11 15:07:50,442 - database.db - INFO - Database initialized successfully at C:\Users\DELL\Desktop\expense-tracker\data\expense_tracker.db
2026-06-11 15:08:48,711 - database.db - INFO - Database initialized successfully at C:\Users\DELL\Desktop\expense-tracker\data\expense_tracker.db
2026-06-11 15:09:38,509 - database.db - INFO - Database initialized successfully at C:\Users\DELL\Desktop\expense-tracker\data\expense_tracker.db
2026-06-11 15:09:52,757 - database.db - INFO - Database initialized successfully at C:\Users\DELL\Desktop\expense-tracker\data\expense_tracker.db
2026-06-11 15:10:35,328 - database.db - INFO - Database initialized successfully at C:\Users\DELL\Desktop\expense-tracker\data\expense_tracker.db
2026-06-11 15:11:05,693 - database.db - INFO - Database initialized successfully at C:\Users\DELL\Desktop\expense-tracker\data\expense_tracker.db
2026-06-11 15:11:12,780 - database.db - INFO - Database initialized successfully at C:\Users\DELL\Desktop\expense-tracker\data\expense_tracker.db
2026-06-11 15:11:15,391 - database.db - INFO - Database initialized successfully at C:\Users\DELL\Desktop\expense-tracker\data\expense_tracker.db
2026-06-11 15:11:35,306 - database.db - INFO - Database initialized successfully at C:\Users\DELL\Desktop\expense-tracker\data\expense_tracker.db
2026-06-11 15:11:50,639 - database.db - INFO - Database initialized successfully at C:\Users\DELL\Desktop\expense-tracker\data\expense_tracker.db
2026-06-11 15:12:50,050 - database.db - INFO - Database initialized successfully at C:\Users\DELL\Desktop\expense-tracker\data\expense_tracker.db
2026-06-11 15:13:18,786 - database.db - INFO - Database initialized successfully at C:\Users\DELL\Desktop\expense-tracker\data\expense_tracker.db
2026-06-11 15:13:36,244 - database.db - INFO - Database initialized successfully at C:\Users\DELL\Desktop\expense-tracker\data\expense_tracker.db
2026-06-11 15:14:23,848 - database.db - INFO - Database initialized successfully at C:\Users\DELL\Desktop\expense-tracker\data\expense_tracker.db
2026-06-11 15:14:31,452 - database.db - INFO - Database initialized successfully at C:\Users\DELL\Desktop\expense-tracker\data\expense_tracker.db
2026-06-11 15:15:03,680 - database.db - INFO - Database initialized successfully at C:\Users\DELL\Desktop\expense-tracker\data\expense_tracker.db
2026-06-11 15:16:07,044 - database.db - INFO - Database initialized successfully at C:\Users\DELL\Desktop\expense-tracker\data\expense_tracker.db
